2023-04-25T05:25:18.942Z  info: registerUser called
2023-04-25T05:25:19.168Z  info: User registered
2023-04-25T05:25:58.377Z  info: loginUser called
2023-04-25T05:25:58.527Z  info: User Logged in
2023-04-25T05:44:03.294Z  info: loginUser called
2023-04-25T05:44:03.460Z  info: User Logged in
2023-04-25T05:44:07.013Z  info: getBlogs called
2023-04-25T05:44:07.064Z  info: blogs succesfully fetched
2023-04-25T05:44:07.068Z  info: getBlogs called
2023-04-25T05:44:07.099Z  info: blogs succesfully fetched
2023-04-25T05:46:23.220Z  info: loginUser called
2023-04-25T05:46:23.385Z  info: User Logged in
2023-04-25T05:46:23.468Z  info: getBlogs called
2023-04-25T05:46:23.520Z  info: blogs succesfully fetched
2023-04-25T05:46:23.524Z  info: getBlogs called
2023-04-25T05:46:23.552Z  info: blogs succesfully fetched
2023-04-25T05:46:33.804Z  info: createBlog called
2023-04-25T05:46:33.881Z  info: Blog successfully created
2023-04-25T05:46:42.867Z  info: deleteBlog called
2023-04-25T05:46:42.988Z  info: Blog Deleted
2023-04-25T05:46:49.392Z  info: createBlog called
2023-04-25T05:46:49.472Z  info: Blog successfully created
2023-04-25T05:46:56.429Z  info: updateBlog called
2023-04-25T05:46:56.494Z  info: Blog Updated
